<?xml version="1.0" encoding="UTF-8"?>
<testsuite name="controllers.NoteAPITest$UpdateNotes" tests="2" skipped="0" failures="0" errors="0" timestamp="2022-11-05T14:00:07" hostname="DESKTOP-427PK45" time="0.037">
  <properties/>
  <testcase name="updating a note that exists returns true and updates()" classname="controllers.NoteAPITest$UpdateNotes" time="0.035"/>
  <testcase name="updating a note that does not exist returns false()" classname="controllers.NoteAPITest$UpdateNotes" time="0.001"/>
  <system-out><![CDATA[]]></system-out>
  <system-err><![CDATA[]]></system-err>
</testsuite>
