<?xml version="1.0" encoding="UTF-8"?>
<testsuite name="controllers.NoteAPITest$PersistenceTests" tests="2" skipped="0" failures="0" errors="0" timestamp="2022-11-05T14:31:19" hostname="DESKTOP-427PK45" time="0.299">
  <properties/>
  <testcase name="saving and loading an empty collection in XML doesn't crash app()" classname="controllers.NoteAPITest$PersistenceTests" time="0.281"/>
  <testcase name="saving and loading an loaded collection in XML doesn't loose data()" classname="controllers.NoteAPITest$PersistenceTests" time="0.017"/>
  <system-out><![CDATA[]]></system-out>
  <system-err><![CDATA[]]></system-err>
</testsuite>
