<?xml version="1.0" encoding="UTF-8"?>
<testsuite name="controllers.NoteAPITest$AddNotes" tests="2" skipped="0" failures="0" errors="0" timestamp="2022-11-05T03:57:14" hostname="DESKTOP-427PK45" time="0.039">
  <properties/>
  <testcase name="adding a Note to a populated list adds to ArrayList()" classname="controllers.NoteAPITest$AddNotes" time="0.037"/>
  <testcase name="adding a Note to an empty list adds to ArrayList()" classname="controllers.NoteAPITest$AddNotes" time="0.001"/>
  <system-out><![CDATA[]]></system-out>
  <system-err><![CDATA[]]></system-err>
</testsuite>
